[13:58:56] [INIT] KubeJS 1902.6.2-build.73; MC 1902 forge
[13:58:56] [INIT] Loaded plugins:
[13:58:56] [INIT] - dev.latvian.mods.kubejs.forge.BuiltinKubeJSForgePlugin
[13:58:56] [INIT] - dev.latvian.mods.kubejs.forge.BuiltinKubeJSForgeClientPlugin
[13:58:56] [INIT] - dev.latvian.mods.kubejs.integration.forge.gamestages.GameStagesIntegration
[13:58:56] [INIT] - net.yorunina.chestcavityjs.compat.ChestCavityJSPlugin
[13:58:56] [INIT] - dev.ftb.mods.ftbxmodcompat.ftbquests.kubejs.KubeJSIntegration
[13:58:56] [INIT] - dev.ftb.mods.ftbxmodcompat.ftbchunks.kubejs.FTBChunksKubeJSPlugin
[13:58:56] [INIT] - dev.ftb.mods.ftbxmodcompat.ftbteams.kubejs.FTBTeamsKubeJSPlugin
[13:58:56] [INIT] - com.squoshi.irons_spells_js.IronsSpellsJSPlugin
[13:58:56] [INIT] - com.tom.createores.kubejs.KubeJSExcavation
[13:58:56] [INIT] - dev.latvian.mods.kubejs.create.KubeJSCreatePlugin
[13:58:56] [INIT] - com.momosoftworks.coldsweat.compat.kubejs.KubePlugin
[13:58:56] [INIT] - com.prunoideae.powerfuljs.forge.PowerfulJSPluginForge
[13:58:56] [INIT] - com.almostreliable.morejs.Plugin
[13:58:56] [INIT] - net.yorunina.tetrajs.compat.TetraPlugin
[13:58:56] [INIT] - com.almostreliable.lootjs.kube.LootJSPlugin
[13:58:56] [INIT] - fr.frinn.custommachinery.common.integration.kubejs.CustomMachineryKubeJSPlugin
[13:58:56] [INIT] - com.almostreliable.summoningrituals.compat.kubejs.AlmostKube
[13:58:56] [INIT] - com.almostreliable.ponderjs.PonderJSPlugin
[13:58:56] [INIT] - com.chen1335.renderjs.kubejs.RenderJSPlugin
[13:58:57] [INFO] import.js#2: Loaded Java class 'net.minecraft.client.KeyMapping'
[13:58:57] [INFO] Loaded script client_scripts:import.js in 0.0 s
[13:58:57] [INFO] Loaded script client_scripts:mrqx_extra_pack/mrqx_client_event.js in 0.001 s
[13:58:57] [INFO] Loaded script client_scripts:mrqx_extra_pack/mrqx_item_tooltips.js in 0.004 s
[13:58:57] [INFO] Loaded script client_scripts:mrqx_extra_pack/mrqx_jei.js in 0.001 s
[13:58:57] [INFO] Loaded script client_scripts:mrqx_extra_pack/mrqx_network.js in 0.0 s
[13:58:57] [INFO] Loaded script client_scripts:mrqx_extra_pack/mrqx_tips.js in 0.0 s
[13:58:57] [INFO] Loaded script client_scripts:organ_tooltips.js in 0.002 s
[13:58:57] [INFO] Loaded script client_scripts:block_right.js in 0.0 s
[13:58:57] [INFO] Loaded script client_scripts:default_organ_tooltips.js in 0.002 s
[13:58:57] [INFO] Loaded script client_scripts:enchant.js in 0.001 s
[13:58:57] [INFO] Loaded script client_scripts:item_tooltips.js in 0.003 s
[13:58:57] [INFO] Loaded script client_scripts:jei.js in 0.0 s
[13:58:57] [ERROR] ! Error loading KubeJS script: client_scripts:key_bind.js': TypeError: TypeError: redeclaration of const $KeyMapping.
[13:58:57] [INFO] Loaded script client_scripts:lunadlc/jei_luna.js in 0.0 s
[13:58:57] [INFO] Loaded script client_scripts:lunadlc/newitemtooltips.js in 0.0 s
[13:58:57] [INFO] Loaded script client_scripts:ponder/ponder_scenes.js in 0.001 s
[13:58:57] [INFO] Loaded script client_scripts:ponder/ponder_tags.js in 0.0 s
[13:58:57] [INFO] Loaded script client_scripts:tips.js in 0.0 s
[13:58:57] [INFO] Loaded 17/18 KubeJS client scripts in 0.15 s
